{"E:/hobby/programing/Progects/React/pokemon-app/src/App.tsx": {"path":"E:/hobby/programing/Progects/React/pokemon-app/src/App.tsx","statementMap":{"0":{"start":{"line":9,"column":19},"end":{"line":21,"column":null}},"1":{"start":{"line":10,"column":2},"end":{"line":19,"column":null}}},"fnMap":{"0":{"name":"(anonymous_0)","decl":{"start":{"line":9,"column":19},"end":{"line":9,"column":25}},"loc":{"start":{"line":9,"column":25},"end":{"line":21,"column":null}}}},"branchMap":{},"s":{"0":0,"1":0},"f":{"0":0},"b":{}}
,"E:/hobby/programing/Progects/React/pokemon-app/src/main.tsx": {"path":"E:/hobby/programing/Progects/React/pokemon-app/src/main.tsx","statementMap":{"0":{"start":{"line":10,"column":0},"end":{"line":20,"column":null}}},"fnMap":{},"branchMap":{},"s":{"0":0},"f":{},"b":{}}
,"E:/hobby/programing/Progects/React/pokemon-app/src/components/Button/Button.tsx": {"path":"E:/hobby/programing/Progects/React/pokemon-app/src/components/Button/Button.tsx","statementMap":{"0":{"start":{"line":15,"column":45},"end":{"line":47,"column":null}},"1":{"start":{"line":25,"column":28},"end":{"line":28,"column":null}},"2":{"start":{"line":30,"column":2},"end":{"line":45,"column":null}}},"fnMap":{"0":{"name":"(anonymous_0)","decl":{"start":{"line":15,"column":45},"end":{"line":15,"column":null}},"loc":{"start":{"line":24,"column":8},"end":{"line":47,"column":null}}}},"branchMap":{"0":{"loc":{"start":{"line":19,"column":4},"end":{"line":19,"column":null}},"type":"default-arg","locations":[{"start":{"line":19,"column":15},"end":{"line":19,"column":null}}]},"1":{"loc":{"start":{"line":20,"column":4},"end":{"line":20,"column":null}},"type":"default-arg","locations":[{"start":{"line":20,"column":13},"end":{"line":20,"column":null}}]},"2":{"loc":{"start":{"line":21,"column":4},"end":{"line":21,"column":null}},"type":"default-arg","locations":[{"start":{"line":21,"column":19},"end":{"line":21,"column":null}}]},"3":{"loc":{"start":{"line":22,"column":4},"end":{"line":22,"column":null}},"type":"default-arg","locations":[{"start":{"line":22,"column":12},"end":{"line":22,"column":null}}]},"4":{"loc":{"start":{"line":26,"column":5},"end":{"line":26,"column":34}},"type":"binary-expr","locations":[{"start":{"line":26,"column":5},"end":{"line":26,"column":14}},{"start":{"line":26,"column":14},"end":{"line":26,"column":34}}]},"5":{"loc":{"start":{"line":27,"column":5},"end":{"line":27,"column":40}},"type":"binary-expr","locations":[{"start":{"line":27,"column":5},"end":{"line":27,"column":17}},{"start":{"line":27,"column":17},"end":{"line":27,"column":40}}]},"6":{"loc":{"start":{"line":28,"column":5},"end":{"line":28,"column":36}},"type":"binary-expr","locations":[{"start":{"line":28,"column":5},"end":{"line":28,"column":15}},{"start":{"line":28,"column":15},"end":{"line":28,"column":36}}]},"7":{"loc":{"start":{"line":35,"column":15},"end":{"line":35,"column":null}},"type":"cond-expr","locations":[{"start":{"line":35,"column":27},"end":{"line":35,"column":37}},{"start":{"line":35,"column":37},"end":{"line":35,"column":null}}]},"8":{"loc":{"start":{"line":40,"column":7},"end":{"line":40,"column":null}},"type":"binary-expr","locations":[{"start":{"line":40,"column":7},"end":{"line":40,"column":15}},{"start":{"line":40,"column":15},"end":{"line":40,"column":null}}]},"9":{"loc":{"start":{"line":41,"column":7},"end":{"line":44,"column":null}},"type":"binary-expr","locations":[{"start":{"line":41,"column":7},"end":{"line":41,"column":null}},{"start":{"line":42,"column":8},"end":{"line":44,"column":null}}]},"10":{"loc":{"start":{"line":42,"column":51},"end":{"line":42,"column":94}},"type":"binary-expr","locations":[{"start":{"line":42,"column":51},"end":{"line":42,"column":67}},{"start":{"line":42,"column":67},"end":{"line":42,"column":94}}]}},"s":{"0":0,"1":0,"2":0},"f":{"0":0},"b":{"0":[0],"1":[0],"2":[0],"3":[0],"4":[0,0],"5":[0,0],"6":[0,0],"7":[0,0],"8":[0,0],"9":[0,0],"10":[0,0]}}
,"E:/hobby/programing/Progects/React/pokemon-app/src/components/Card/Card.tsx": {"path":"E:/hobby/programing/Progects/React/pokemon-app/src/components/Card/Card.tsx","statementMap":{"0":{"start":{"line":9,"column":41},"end":{"line":22,"column":null}},"1":{"start":{"line":10,"column":2},"end":{"line":20,"column":null}}},"fnMap":{"0":{"name":"(anonymous_0)","decl":{"start":{"line":9,"column":41},"end":{"line":9,"column":42}},"loc":{"start":{"line":9,"column":59},"end":{"line":22,"column":null}}}},"branchMap":{},"s":{"0":0,"1":0},"f":{"0":0},"b":{}}
,"E:/hobby/programing/Progects/React/pokemon-app/src/components/ComparisonItem/ComparisonItem.tsx": {"path":"E:/hobby/programing/Progects/React/pokemon-app/src/components/ComparisonItem/ComparisonItem.tsx","statementMap":{"0":{"start":{"line":16,"column":55},"end":{"line":124,"column":null}},"1":{"start":{"line":32,"column":2},"end":{"line":122,"column":null}},"2":{"start":{"line":58,"column":16},"end":{"line":61,"column":null}},"3":{"start":{"line":90,"column":10},"end":{"line":101,"column":null}},"4":{"start":{"line":110,"column":27},"end":{"line":110,"column":null}},"5":{"start":{"line":117,"column":27},"end":{"line":117,"column":null}}},"fnMap":{"0":{"name":"(anonymous_0)","decl":{"start":{"line":16,"column":55},"end":{"line":16,"column":null}},"loc":{"start":{"line":31,"column":8},"end":{"line":124,"column":null}}},"1":{"name":"(anonymous_1)","decl":{"start":{"line":57,"column":34},"end":{"line":57,"column":35}},"loc":{"start":{"line":57,"column":55},"end":{"line":62,"column":15}}},"2":{"name":"(anonymous_2)","decl":{"start":{"line":89,"column":19},"end":{"line":89,"column":20}},"loc":{"start":{"line":89,"column":52},"end":{"line":103,"column":9}}},"3":{"name":"(anonymous_3)","decl":{"start":{"line":110,"column":21},"end":{"line":110,"column":27}},"loc":{"start":{"line":110,"column":27},"end":{"line":110,"column":null}}},"4":{"name":"(anonymous_4)","decl":{"start":{"line":117,"column":21},"end":{"line":117,"column":27}},"loc":{"start":{"line":117,"column":27},"end":{"line":117,"column":null}}}},"branchMap":{"0":{"loc":{"start":{"line":27,"column":4},"end":{"line":27,"column":null}},"type":"default-arg","locations":[{"start":{"line":27,"column":17},"end":{"line":27,"column":null}}]},"1":{"loc":{"start":{"line":29,"column":4},"end":{"line":29,"column":null}},"type":"default-arg","locations":[{"start":{"line":29,"column":21},"end":{"line":29,"column":null}}]},"2":{"loc":{"start":{"line":36,"column":19},"end":{"line":36,"column":null}},"type":"cond-expr","locations":[{"start":{"line":36,"column":43},"end":{"line":36,"column":60}},{"start":{"line":36,"column":60},"end":{"line":36,"column":null}}]},"3":{"loc":{"start":{"line":45,"column":24},"end":{"line":46,"column":null}},"type":"cond-expr","locations":[{"start":{"line":46,"column":12},"end":{"line":46,"column":30}},{"start":{"line":46,"column":30},"end":{"line":46,"column":null}}]},"4":{"loc":{"start":{"line":57,"column":15},"end":{"line":62,"column":null}},"type":"binary-expr","locations":[{"start":{"line":57,"column":15},"end":{"line":57,"column":24}},{"start":{"line":57,"column":24},"end":{"line":62,"column":null}}]},"5":{"loc":{"start":{"line":97,"column":23},"end":{"line":99,"column":null}},"type":"cond-expr","locations":[{"start":{"line":98,"column":18},"end":{"line":98,"column":null}},{"start":{"line":99,"column":18},"end":{"line":99,"column":null}}]}},"s":{"0":0,"1":0,"2":0,"3":0,"4":0,"5":0},"f":{"0":0,"1":0,"2":0,"3":0,"4":0},"b":{"0":[0],"1":[0],"2":[0,0],"3":[0,0],"4":[0,0],"5":[0,0]}}
,"E:/hobby/programing/Progects/React/pokemon-app/src/components/ComparisonItems/ComparisonItems.tsx": {"path":"E:/hobby/programing/Progects/React/pokemon-app/src/components/ComparisonItems/ComparisonItems.tsx","statementMap":{"0":{"start":{"line":14,"column":31},"end":{"line":85,"column":null}},"1":{"start":{"line":15,"column":19},"end":{"line":15,"column":null}},"2":{"start":{"line":18,"column":6},"end":{"line":18,"column":null}},"3":{"start":{"line":18,"column":40},"end":{"line":18,"column":62}},"4":{"start":{"line":20,"column":35},"end":{"line":20,"column":null}},"5":{"start":{"line":21,"column":2},"end":{"line":26,"column":null}},"6":{"start":{"line":22,"column":21},"end":{"line":22,"column":null}},"7":{"start":{"line":23,"column":22},"end":{"line":23,"column":null}},"8":{"start":{"line":25,"column":4},"end":{"line":25,"column":null}},"9":{"start":{"line":28,"column":26},"end":{"line":28,"column":null}},"10":{"start":{"line":28,"column":60},"end":{"line":28,"column":82}},"11":{"start":{"line":30,"column":2},"end":{"line":33,"column":null}},"12":{"start":{"line":31,"column":4},"end":{"line":31,"column":null}},"13":{"start":{"line":31,"column":28},"end":{"line":31,"column":null}},"14":{"start":{"line":32,"column":4},"end":{"line":32,"column":null}},"15":{"start":{"line":32,"column":28},"end":{"line":32,"column":null}},"16":{"start":{"line":35,"column":2},"end":{"line":83,"column":null}},"17":{"start":{"line":48,"column":22},"end":{"line":70,"column":null}},"18":{"start":{"line":59,"column":57},"end":{"line":59,"column":64}},"19":{"start":{"line":63,"column":59},"end":{"line":63,"column":null}},"20":{"start":{"line":68,"column":59},"end":{"line":68,"column":null}}},"fnMap":{"0":{"name":"(anonymous_0)","decl":{"start":{"line":14,"column":31},"end":{"line":14,"column":37}},"loc":{"start":{"line":14,"column":37},"end":{"line":85,"column":null}}},"1":{"name":"(anonymous_1)","decl":{"start":{"line":18,"column":18},"end":{"line":18,"column":19}},"loc":{"start":{"line":18,"column":40},"end":{"line":18,"column":62}}},"2":{"name":"(anonymous_2)","decl":{"start":{"line":28,"column":38},"end":{"line":28,"column":39}},"loc":{"start":{"line":28,"column":60},"end":{"line":28,"column":82}}},"3":{"name":"(anonymous_3)","decl":{"start":{"line":30,"column":12},"end":{"line":30,"column":18}},"loc":{"start":{"line":30,"column":18},"end":{"line":33,"column":5}}},"4":{"name":"(anonymous_4)","decl":{"start":{"line":47,"column":54},"end":{"line":47,"column":55}},"loc":{"start":{"line":47,"column":95},"end":{"line":72,"column":21}}},"5":{"name":"(anonymous_5)","decl":{"start":{"line":59,"column":51},"end":{"line":59,"column":57}},"loc":{"start":{"line":59,"column":57},"end":{"line":59,"column":64}}},"6":{"name":"(anonymous_6)","decl":{"start":{"line":63,"column":28},"end":{"line":63,"column":29}},"loc":{"start":{"line":63,"column":59},"end":{"line":63,"column":null}}},"7":{"name":"(anonymous_7)","decl":{"start":{"line":68,"column":28},"end":{"line":68,"column":29}},"loc":{"start":{"line":68,"column":59},"end":{"line":68,"column":null}}}},"branchMap":{"0":{"loc":{"start":{"line":21,"column":2},"end":{"line":26,"column":null}},"type":"if","locations":[{"start":{"line":21,"column":2},"end":{"line":26,"column":null}},{"start":{},"end":{}}]},"1":{"loc":{"start":{"line":31,"column":4},"end":{"line":31,"column":null}},"type":"if","locations":[{"start":{"line":31,"column":4},"end":{"line":31,"column":null}},{"start":{},"end":{}}]},"2":{"loc":{"start":{"line":32,"column":4},"end":{"line":32,"column":null}},"type":"if","locations":[{"start":{"line":32,"column":4},"end":{"line":32,"column":null}},{"start":{},"end":{}}]},"3":{"loc":{"start":{"line":39,"column":9},"end":{"line":78,"column":null}},"type":"cond-expr","locations":[{"start":{"line":40,"column":13},"end":{"line":40,"column":null}},{"start":{"line":41,"column":12},"end":{"line":78,"column":null}}]},"4":{"loc":{"start":{"line":41,"column":12},"end":{"line":78,"column":null}},"type":"cond-expr","locations":[{"start":{"line":42,"column":15},"end":{"line":42,"column":null}},{"start":{"line":43,"column":14},"end":{"line":78,"column":null}}]},"5":{"loc":{"start":{"line":42,"column":36},"end":{"line":42,"column":68}},"type":"cond-expr","locations":[{"start":{"line":42,"column":44},"end":{"line":42,"column":63}},{"start":{"line":42,"column":63},"end":{"line":42,"column":68}}]},"6":{"loc":{"start":{"line":43,"column":14},"end":{"line":78,"column":null}},"type":"cond-expr","locations":[{"start":{"line":45,"column":17},"end":{"line":74,"column":null}},{"start":{"line":76,"column":17},"end":{"line":78,"column":null}}]},"7":{"loc":{"start":{"line":57,"column":44},"end":{"line":59,"column":null}},"type":"cond-expr","locations":[{"start":{"line":58,"column":30},"end":{"line":58,"column":null}},{"start":{"line":59,"column":30},"end":{"line":59,"column":null}}]},"8":{"loc":{"start":{"line":60,"column":35},"end":{"line":60,"column":null}},"type":"cond-expr","locations":[{"start":{"line":60,"column":53},"end":{"line":60,"column":69}},{"start":{"line":60,"column":69},"end":{"line":60,"column":null}}]}},"s":{"0":0,"1":0,"2":0,"3":0,"4":0,"5":0,"6":0,"7":0,"8":0,"9":0,"10":0,"11":0,"12":0,"13":0,"14":0,"15":0,"16":0,"17":0,"18":0,"19":0,"20":0},"f":{"0":0,"1":0,"2":0,"3":0,"4":0,"5":0,"6":0,"7":0},"b":{"0":[0,0],"1":[0,0],"2":[0,0],"3":[0,0],"4":[0,0],"5":[0,0],"6":[0,0],"7":[0,0],"8":[0,0]}}
,"E:/hobby/programing/Progects/React/pokemon-app/src/components/Header/Header.tsx": {"path":"E:/hobby/programing/Progects/React/pokemon-app/src/components/Header/Header.tsx","statementMap":{"0":{"start":{"line":7,"column":22},"end":{"line":45,"column":null}},"1":{"start":{"line":8,"column":19},"end":{"line":8,"column":null}},"2":{"start":{"line":9,"column":19},"end":{"line":9,"column":null}},"3":{"start":{"line":11,"column":2},"end":{"line":43,"column":null}},"4":{"start":{"line":30,"column":29},"end":{"line":30,"column":null}},"5":{"start":{"line":37,"column":29},"end":{"line":37,"column":null}}},"fnMap":{"0":{"name":"(anonymous_0)","decl":{"start":{"line":7,"column":22},"end":{"line":7,"column":23}},"loc":{"start":{"line":7,"column":63},"end":{"line":45,"column":null}}},"1":{"name":"(anonymous_1)","decl":{"start":{"line":30,"column":23},"end":{"line":30,"column":29}},"loc":{"start":{"line":30,"column":29},"end":{"line":30,"column":null}}},"2":{"name":"(anonymous_2)","decl":{"start":{"line":37,"column":23},"end":{"line":37,"column":29}},"loc":{"start":{"line":37,"column":29},"end":{"line":37,"column":null}}}},"branchMap":{"0":{"loc":{"start":{"line":21,"column":48},"end":{"line":21,"column":69}},"type":"binary-expr","locations":[{"start":{"line":21,"column":48},"end":{"line":21,"column":60}},{"start":{"line":21,"column":60},"end":{"line":21,"column":69}}]}},"s":{"0":0,"1":0,"2":0,"3":0,"4":0,"5":0},"f":{"0":0,"1":0,"2":0},"b":{"0":[0,0]}}
,"E:/hobby/programing/Progects/React/pokemon-app/src/components/Loader/Loader.tsx": {"path":"E:/hobby/programing/Progects/React/pokemon-app/src/components/Loader/Loader.tsx","statementMap":{"0":{"start":{"line":4,"column":22},"end":{"line":17,"column":null}},"1":{"start":{"line":5,"column":2},"end":{"line":14,"column":null}}},"fnMap":{"0":{"name":"(anonymous_0)","decl":{"start":{"line":4,"column":22},"end":{"line":4,"column":28}},"loc":{"start":{"line":4,"column":28},"end":{"line":17,"column":null}}}},"branchMap":{},"s":{"0":0,"1":0},"f":{"0":0},"b":{}}
,"E:/hobby/programing/Progects/React/pokemon-app/src/components/Modal/Modal.tsx": {"path":"E:/hobby/programing/Progects/React/pokemon-app/src/components/Modal/Modal.tsx","statementMap":{"0":{"start":{"line":15,"column":36},"end":{"line":56,"column":null}},"1":{"start":{"line":16,"column":2},"end":{"line":24,"column":null}},"2":{"start":{"line":17,"column":4},"end":{"line":21,"column":null}},"3":{"start":{"line":18,"column":6},"end":{"line":18,"column":null}},"4":{"start":{"line":20,"column":6},"end":{"line":20,"column":null}},"5":{"start":{"line":23,"column":4},"end":{"line":23,"column":null}},"6":{"start":{"line":23,"column":17},"end":{"line":23,"column":null}},"7":{"start":{"line":26,"column":2},"end":{"line":26,"column":null}},"8":{"start":{"line":26,"column":15},"end":{"line":26,"column":null}},"9":{"start":{"line":28,"column":2},"end":{"line":54,"column":null}},"10":{"start":{"line":39,"column":24},"end":{"line":39,"column":null}}},"fnMap":{"0":{"name":"(anonymous_0)","decl":{"start":{"line":15,"column":36},"end":{"line":15,"column":37}},"loc":{"start":{"line":15,"column":71},"end":{"line":56,"column":null}}},"1":{"name":"(anonymous_1)","decl":{"start":{"line":16,"column":12},"end":{"line":16,"column":18}},"loc":{"start":{"line":16,"column":18},"end":{"line":24,"column":5}}},"2":{"name":"(anonymous_2)","decl":{"start":{"line":23,"column":11},"end":{"line":23,"column":17}},"loc":{"start":{"line":23,"column":17},"end":{"line":23,"column":null}}},"3":{"name":"(anonymous_3)","decl":{"start":{"line":39,"column":17},"end":{"line":39,"column":18}},"loc":{"start":{"line":39,"column":24},"end":{"line":39,"column":null}}}},"branchMap":{"0":{"loc":{"start":{"line":17,"column":4},"end":{"line":21,"column":null}},"type":"if","locations":[{"start":{"line":17,"column":4},"end":{"line":21,"column":null}},{"start":{"line":19,"column":11},"end":{"line":21,"column":null}}]},"1":{"loc":{"start":{"line":26,"column":2},"end":{"line":26,"column":null}},"type":"if","locations":[{"start":{"line":26,"column":2},"end":{"line":26,"column":null}},{"start":{},"end":{}}]}},"s":{"0":0,"1":0,"2":0,"3":0,"4":0,"5":0,"6":0,"7":0,"8":0,"9":0,"10":0},"f":{"0":0,"1":0,"2":0,"3":0},"b":{"0":[0,0],"1":[0,0]}}
,"E:/hobby/programing/Progects/React/pokemon-app/src/components/Pagination/Pagination.tsx": {"path":"E:/hobby/programing/Progects/React/pokemon-app/src/components/Pagination/Pagination.tsx","statementMap":{"0":{"start":{"line":15,"column":26},"end":{"line":78,"column":null}},"1":{"start":{"line":18,"column":2},"end":{"line":75,"column":null}},"2":{"start":{"line":18,"column":17},"end":{"line":75,"column":null}},"3":{"start":{"line":29,"column":29},"end":{"line":29,"column":null}},"4":{"start":{"line":38,"column":27},"end":{"line":38,"column":null}},"5":{"start":{"line":43,"column":12},"end":{"line":48,"column":null}},"6":{"start":{"line":46,"column":29},"end":{"line":46,"column":null}},"7":{"start":{"line":56,"column":29},"end":{"line":56,"column":null}},"8":{"start":{"line":66,"column":29},"end":{"line":66,"column":null}}},"fnMap":{"0":{"name":"(anonymous_0)","decl":{"start":{"line":15,"column":26},"end":{"line":15,"column":null}},"loc":{"start":{"line":16,"column":64},"end":{"line":78,"column":null}}},"1":{"name":"(anonymous_1)","decl":{"start":{"line":29,"column":23},"end":{"line":29,"column":29}},"loc":{"start":{"line":29,"column":29},"end":{"line":29,"column":null}}},"2":{"name":"(anonymous_2)","decl":{"start":{"line":38,"column":21},"end":{"line":38,"column":27}},"loc":{"start":{"line":38,"column":27},"end":{"line":38,"column":null}}},"3":{"name":"(anonymous_3)","decl":{"start":{"line":42,"column":48},"end":{"line":42,"column":49}},"loc":{"start":{"line":43,"column":12},"end":{"line":48,"column":null}}},"4":{"name":"(anonymous_4)","decl":{"start":{"line":46,"column":23},"end":{"line":46,"column":29}},"loc":{"start":{"line":46,"column":29},"end":{"line":46,"column":null}}},"5":{"name":"(anonymous_5)","decl":{"start":{"line":56,"column":23},"end":{"line":56,"column":29}},"loc":{"start":{"line":56,"column":29},"end":{"line":56,"column":null}}},"6":{"name":"(anonymous_6)","decl":{"start":{"line":66,"column":23},"end":{"line":66,"column":29}},"loc":{"start":{"line":66,"column":29},"end":{"line":66,"column":null}}}},"branchMap":{"0":{"loc":{"start":{"line":18,"column":2},"end":{"line":75,"column":null}},"type":"if","locations":[{"start":{"line":18,"column":2},"end":{"line":75,"column":null}},{"start":{},"end":{}}]},"1":{"loc":{"start":{"line":23,"column":11},"end":{"line":31,"column":null}},"type":"binary-expr","locations":[{"start":{"line":23,"column":11},"end":{"line":23,"column":null}},{"start":{"line":25,"column":12},"end":{"line":31,"column":null}}]},"2":{"loc":{"start":{"line":51,"column":11},"end":{"line":58,"column":null}},"type":"binary-expr","locations":[{"start":{"line":51,"column":11},"end":{"line":51,"column":null}},{"start":{"line":52,"column":12},"end":{"line":58,"column":null}}]},"3":{"loc":{"start":{"line":61,"column":11},"end":{"line":68,"column":null}},"type":"binary-expr","locations":[{"start":{"line":61,"column":11},"end":{"line":61,"column":null}},{"start":{"line":62,"column":12},"end":{"line":68,"column":null}}]}},"s":{"0":0,"1":0,"2":0,"3":0,"4":0,"5":0,"6":0,"7":0,"8":0},"f":{"0":0,"1":0,"2":0,"3":0,"4":0,"5":0,"6":0},"b":{"0":[0,0],"1":[0,0],"2":[0,0],"3":[0,0]}}
,"E:/hobby/programing/Progects/React/pokemon-app/src/components/PokemonList/PokemonList.tsx": {"path":"E:/hobby/programing/Progects/React/pokemon-app/src/components/PokemonList/PokemonList.tsx","statementMap":{"0":{"start":{"line":17,"column":27},"end":{"line":56,"column":null}},"1":{"start":{"line":18,"column":19},"end":{"line":18,"column":null}},"2":{"start":{"line":19,"column":26},"end":{"line":19,"column":null}},"3":{"start":{"line":19,"column":60},"end":{"line":19,"column":82}},"4":{"start":{"line":20,"column":26},"end":{"line":20,"column":null}},"5":{"start":{"line":20,"column":60},"end":{"line":20,"column":82}},"6":{"start":{"line":22,"column":2},"end":{"line":54,"column":null}},"7":{"start":{"line":34,"column":37},"end":{"line":34,"column":null}},"8":{"start":{"line":36,"column":14},"end":{"line":49,"column":null}},"9":{"start":{"line":43,"column":51},"end":{"line":43,"column":null}},"10":{"start":{"line":47,"column":51},"end":{"line":47,"column":null}}},"fnMap":{"0":{"name":"(anonymous_0)","decl":{"start":{"line":17,"column":27},"end":{"line":17,"column":28}},"loc":{"start":{"line":17,"column":64},"end":{"line":56,"column":null}}},"1":{"name":"(anonymous_1)","decl":{"start":{"line":19,"column":38},"end":{"line":19,"column":39}},"loc":{"start":{"line":19,"column":60},"end":{"line":19,"column":82}}},"2":{"name":"(anonymous_2)","decl":{"start":{"line":20,"column":38},"end":{"line":20,"column":39}},"loc":{"start":{"line":20,"column":60},"end":{"line":20,"column":82}}},"3":{"name":"(anonymous_3)","decl":{"start":{"line":33,"column":17},"end":{"line":33,"column":18}},"loc":{"start":{"line":33,"column":30},"end":{"line":51,"column":13}}},"4":{"name":"(anonymous_4)","decl":{"start":{"line":43,"column":20},"end":{"line":43,"column":21}},"loc":{"start":{"line":43,"column":51},"end":{"line":43,"column":null}}},"5":{"name":"(anonymous_5)","decl":{"start":{"line":47,"column":20},"end":{"line":47,"column":21}},"loc":{"start":{"line":47,"column":51},"end":{"line":47,"column":null}}}},"branchMap":{"0":{"loc":{"start":{"line":17,"column":30},"end":{"line":17,"column":40}},"type":"default-arg","locations":[{"start":{"line":17,"column":37},"end":{"line":17,"column":40}}]},"1":{"loc":{"start":{"line":32,"column":11},"end":{"line":51,"column":null}},"type":"binary-expr","locations":[{"start":{"line":32,"column":11},"end":{"line":32,"column":31}},{"start":{"line":32,"column":31},"end":{"line":51,"column":null}}]}},"s":{"0":0,"1":0,"2":0,"3":0,"4":0,"5":0,"6":0,"7":0,"8":0,"9":0,"10":0},"f":{"0":0,"1":0,"2":0,"3":0,"4":0,"5":0},"b":{"0":[0],"1":[0,0]}}
,"E:/hobby/programing/Progects/React/pokemon-app/src/components/PokemonListItem/PokemonListItem.tsx": {"path":"E:/hobby/programing/Progects/React/pokemon-app/src/components/PokemonListItem/PokemonListItem.tsx","statementMap":{"0":{"start":{"line":18,"column":63},"end":{"line":71,"column":null}},"1":{"start":{"line":28,"column":19},"end":{"line":28,"column":null}},"2":{"start":{"line":30,"column":29},"end":{"line":32,"column":null}},"3":{"start":{"line":31,"column":4},"end":{"line":31,"column":null}},"4":{"start":{"line":34,"column":2},"end":{"line":69,"column":null}},"5":{"start":{"line":38,"column":21},"end":{"line":38,"column":null}},"6":{"start":{"line":55,"column":12},"end":{"line":55,"column":null}},"7":{"start":{"line":56,"column":12},"end":{"line":56,"column":null}},"8":{"start":{"line":64,"column":12},"end":{"line":64,"column":null}},"9":{"start":{"line":65,"column":12},"end":{"line":65,"column":null}}},"fnMap":{"0":{"name":"(anonymous_0)","decl":{"start":{"line":18,"column":63},"end":{"line":18,"column":null}},"loc":{"start":{"line":26,"column":8},"end":{"line":71,"column":null}}},"1":{"name":"(anonymous_1)","decl":{"start":{"line":30,"column":29},"end":{"line":30,"column":30}},"loc":{"start":{"line":30,"column":52},"end":{"line":32,"column":null}}},"2":{"name":"(anonymous_2)","decl":{"start":{"line":38,"column":15},"end":{"line":38,"column":21}},"loc":{"start":{"line":38,"column":21},"end":{"line":38,"column":null}}},"3":{"name":"(anonymous_3)","decl":{"start":{"line":54,"column":19},"end":{"line":54,"column":20}},"loc":{"start":{"line":54,"column":67},"end":{"line":57,"column":null}}},"4":{"name":"(anonymous_4)","decl":{"start":{"line":63,"column":19},"end":{"line":63,"column":20}},"loc":{"start":{"line":63,"column":67},"end":{"line":66,"column":null}}}},"branchMap":{"0":{"loc":{"start":{"line":21,"column":4},"end":{"line":21,"column":null}},"type":"default-arg","locations":[{"start":{"line":21,"column":21},"end":{"line":21,"column":null}}]},"1":{"loc":{"start":{"line":22,"column":4},"end":{"line":22,"column":null}},"type":"default-arg","locations":[{"start":{"line":22,"column":17},"end":{"line":22,"column":null}}]},"2":{"loc":{"start":{"line":24,"column":4},"end":{"line":24,"column":null}},"type":"default-arg","locations":[{"start":{"line":24,"column":21},"end":{"line":24,"column":null}}]}},"s":{"0":0,"1":0,"2":0,"3":0,"4":0,"5":0,"6":0,"7":0,"8":0,"9":0},"f":{"0":0,"1":0,"2":0,"3":0,"4":0},"b":{"0":[0],"1":[0],"2":[0]}}
,"E:/hobby/programing/Progects/React/pokemon-app/src/components/PokemonListItemDetails/PokemonDetails.tsx": {"path":"E:/hobby/programing/Progects/React/pokemon-app/src/components/PokemonListItemDetails/PokemonDetails.tsx","statementMap":{"0":{"start":{"line":11,"column":61},"end":{"line":114,"column":null}},"1":{"start":{"line":25,"column":2},"end":{"line":112,"column":null}},"2":{"start":{"line":44,"column":18},"end":{"line":44,"column":null}},"3":{"start":{"line":52,"column":18},"end":{"line":52,"column":null}},"4":{"start":{"line":72,"column":20},"end":{"line":77,"column":null}},"5":{"start":{"line":101,"column":14},"end":{"line":107,"column":null}}},"fnMap":{"0":{"name":"(anonymous_0)","decl":{"start":{"line":11,"column":61},"end":{"line":11,"column":null}},"loc":{"start":{"line":24,"column":8},"end":{"line":114,"column":null}}},"1":{"name":"(anonymous_1)","decl":{"start":{"line":43,"column":25},"end":{"line":43,"column":31}},"loc":{"start":{"line":43,"column":31},"end":{"line":45,"column":null}}},"2":{"name":"(anonymous_2)","decl":{"start":{"line":51,"column":25},"end":{"line":51,"column":31}},"loc":{"start":{"line":51,"column":31},"end":{"line":53,"column":null}}},"3":{"name":"(anonymous_3)","decl":{"start":{"line":71,"column":28},"end":{"line":71,"column":29}},"loc":{"start":{"line":71,"column":49},"end":{"line":79,"column":19}}},"4":{"name":"(anonymous_4)","decl":{"start":{"line":100,"column":23},"end":{"line":100,"column":24}},"loc":{"start":{"line":101,"column":14},"end":{"line":107,"column":null}}}},"branchMap":{"0":{"loc":{"start":{"line":70,"column":17},"end":{"line":79,"column":null}},"type":"binary-expr","locations":[{"start":{"line":70,"column":17},"end":{"line":70,"column":null}},{"start":{"line":71,"column":18},"end":{"line":79,"column":null}}]}},"s":{"0":0,"1":0,"2":0,"3":0,"4":0,"5":0},"f":{"0":0,"1":0,"2":0,"3":0,"4":0},"b":{"0":[0,0]}}
,"E:/hobby/programing/Progects/React/pokemon-app/src/components/StatsItem/StatsItem.tsx": {"path":"E:/hobby/programing/Progects/React/pokemon-app/src/components/StatsItem/StatsItem.tsx","statementMap":{"0":{"start":{"line":14,"column":51},"end":{"line":47,"column":null}},"1":{"start":{"line":23,"column":2},"end":{"line":45,"column":null}}},"fnMap":{"0":{"name":"(anonymous_0)","decl":{"start":{"line":14,"column":51},"end":{"line":14,"column":null}},"loc":{"start":{"line":20,"column":8},"end":{"line":47,"column":null}}}},"branchMap":{"0":{"loc":{"start":{"line":19,"column":4},"end":{"line":19,"column":null}},"type":"default-arg","locations":[{"start":{"line":19,"column":21},"end":{"line":19,"column":null}}]},"1":{"loc":{"start":{"line":27,"column":10},"end":{"line":29,"column":43}},"type":"cond-expr","locations":[{"start":{"line":28,"column":14},"end":{"line":28,"column":null}},{"start":{"line":29,"column":14},"end":{"line":29,"column":43}}]},"2":{"loc":{"start":{"line":39,"column":10},"end":{"line":41,"column":38}},"type":"cond-expr","locations":[{"start":{"line":40,"column":14},"end":{"line":40,"column":36}},{"start":{"line":40,"column":36},"end":{"line":41,"column":38}}]},"3":{"loc":{"start":{"line":40,"column":36},"end":{"line":41,"column":38}},"type":"cond-expr","locations":[{"start":{"line":41,"column":16},"end":{"line":41,"column":21}},{"start":{"line":41,"column":21},"end":{"line":41,"column":38}}]}},"s":{"0":0,"1":0},"f":{"0":0},"b":{"0":[0],"1":[0,0],"2":[0,0],"3":[0,0]}}
,"E:/hobby/programing/Progects/React/pokemon-app/src/features/comparedPokemonsSlice/comparedPokemonsSlice.ts": {"path":"E:/hobby/programing/Progects/React/pokemon-app/src/features/comparedPokemonsSlice/comparedPokemonsSlice.ts","statementMap":{"0":{"start":{"line":13,"column":38},"end":{"line":20,"column":null}},"1":{"start":{"line":22,"column":37},"end":{"line":41,"column":null}},"2":{"start":{"line":29,"column":4},"end":{"line":39,"column":null}},"3":{"start":{"line":30,"column":6},"end":{"line":36,"column":null}},"4":{"start":{"line":32,"column":27},"end":{"line":32,"column":null}},"5":{"start":{"line":33,"column":10},"end":{"line":33,"column":null}},"6":{"start":{"line":33,"column":28},"end":{"line":33,"column":null}},"7":{"start":{"line":34,"column":10},"end":{"line":34,"column":null}},"8":{"start":{"line":38,"column":6},"end":{"line":38,"column":null}},"9":{"start":{"line":43,"column":30},"end":{"line":83,"column":null}},"10":{"start":{"line":48,"column":24},"end":{"line":48,"column":null}},"11":{"start":{"line":50,"column":6},"end":{"line":61,"column":null}},"12":{"start":{"line":51,"column":8},"end":{"line":51,"column":null}},"13":{"start":{"line":51,"column":61},"end":{"line":51,"column":77}},"14":{"start":{"line":53,"column":8},"end":{"line":57,"column":null}},"15":{"start":{"line":54,"column":10},"end":{"line":54,"column":null}},"16":{"start":{"line":55,"column":10},"end":{"line":55,"column":null}},"17":{"start":{"line":56,"column":10},"end":{"line":56,"column":null}},"18":{"start":{"line":58,"column":8},"end":{"line":58,"column":null}},"19":{"start":{"line":59,"column":8},"end":{"line":59,"column":null}},"20":{"start":{"line":60,"column":8},"end":{"line":60,"column":null}},"21":{"start":{"line":64,"column":6},"end":{"line":64,"column":null}},"22":{"start":{"line":65,"column":6},"end":{"line":65,"column":null}},"23":{"start":{"line":69,"column":4},"end":{"line":81,"column":null}},"24":{"start":{"line":71,"column":8},"end":{"line":71,"column":null}},"25":{"start":{"line":72,"column":8},"end":{"line":72,"column":null}},"26":{"start":{"line":75,"column":8},"end":{"line":75,"column":null}},"27":{"start":{"line":76,"column":8},"end":{"line":76,"column":null}},"28":{"start":{"line":79,"column":8},"end":{"line":79,"column":null}},"29":{"start":{"line":80,"column":8},"end":{"line":80,"column":null}},"30":{"start":{"line":85,"column":46},"end":{"line":85,"column":null}}},"fnMap":{"0":{"name":"(anonymous_0)","decl":{"start":{"line":28,"column":2},"end":{"line":28,"column":9}},"loc":{"start":{"line":28,"column":53},"end":{"line":40,"column":null}}},"1":{"name":"(anonymous_1)","decl":{"start":{"line":31,"column":31},"end":{"line":31,"column":38}},"loc":{"start":{"line":31,"column":45},"end":{"line":35,"column":9}}},"2":{"name":"(anonymous_2)","decl":{"start":{"line":47,"column":20},"end":{"line":47,"column":21}},"loc":{"start":{"line":47,"column":39},"end":{"line":62,"column":null}}},"3":{"name":"(anonymous_3)","decl":{"start":{"line":51,"column":53},"end":{"line":51,"column":54}},"loc":{"start":{"line":51,"column":61},"end":{"line":51,"column":77}}},"4":{"name":"(anonymous_4)","decl":{"start":{"line":63,"column":16},"end":{"line":63,"column":17}},"loc":{"start":{"line":63,"column":27},"end":{"line":66,"column":null}}},"5":{"name":"(anonymous_5)","decl":{"start":{"line":68,"column":17},"end":{"line":68,"column":18}},"loc":{"start":{"line":68,"column":30},"end":{"line":82,"column":null}}},"6":{"name":"(anonymous_6)","decl":{"start":{"line":70,"column":46},"end":{"line":70,"column":47}},"loc":{"start":{"line":70,"column":57},"end":{"line":73,"column":7}}},"7":{"name":"(anonymous_7)","decl":{"start":{"line":74,"column":48},"end":{"line":74,"column":49}},"loc":{"start":{"line":74,"column":67},"end":{"line":77,"column":7}}},"8":{"name":"(anonymous_8)","decl":{"start":{"line":78,"column":47},"end":{"line":78,"column":48}},"loc":{"start":{"line":78,"column":66},"end":{"line":81,"column":7}}}},"branchMap":{"0":{"loc":{"start":{"line":33,"column":10},"end":{"line":33,"column":null}},"type":"if","locations":[{"start":{"line":33,"column":10},"end":{"line":33,"column":null}},{"start":{},"end":{}}]},"1":{"loc":{"start":{"line":50,"column":6},"end":{"line":61,"column":null}},"type":"if","locations":[{"start":{"line":50,"column":6},"end":{"line":61,"column":null}},{"start":{"line":52,"column":13},"end":{"line":61,"column":null}}]},"2":{"loc":{"start":{"line":53,"column":8},"end":{"line":57,"column":null}},"type":"if","locations":[{"start":{"line":53,"column":8},"end":{"line":57,"column":null}},{"start":{},"end":{}}]},"3":{"loc":{"start":{"line":80,"column":22},"end":{"line":80,"column":null}},"type":"binary-expr","locations":[{"start":{"line":80,"column":22},"end":{"line":80,"column":40}},{"start":{"line":80,"column":40},"end":{"line":80,"column":null}}]}},"s":{"0":0,"1":0,"2":0,"3":0,"4":0,"5":0,"6":0,"7":0,"8":0,"9":0,"10":0,"11":0,"12":0,"13":0,"14":0,"15":0,"16":0,"17":0,"18":0,"19":0,"20":0,"21":0,"22":0,"23":0,"24":0,"25":0,"26":0,"27":0,"28":0,"29":0,"30":0},"f":{"0":0,"1":0,"2":0,"3":0,"4":0,"5":0,"6":0,"7":0,"8":0},"b":{"0":[0,0],"1":[0,0],"2":[0,0],"3":[0,0]}}
,"E:/hobby/programing/Progects/React/pokemon-app/src/features/favoritePokemon/favoritePokemonSlice.ts": {"path":"E:/hobby/programing/Progects/React/pokemon-app/src/features/favoritePokemon/favoritePokemonSlice.ts","statementMap":{"0":{"start":{"line":11,"column":44},"end":{"line":16,"column":null}},"1":{"start":{"line":18,"column":37},"end":{"line":49,"column":null}},"2":{"start":{"line":25,"column":4},"end":{"line":47,"column":null}},"3":{"start":{"line":26,"column":24},"end":{"line":40,"column":null}},"4":{"start":{"line":28,"column":10},"end":{"line":38,"column":null}},"5":{"start":{"line":29,"column":29},"end":{"line":29,"column":null}},"6":{"start":{"line":31,"column":12},"end":{"line":33,"column":null}},"7":{"start":{"line":32,"column":14},"end":{"line":32,"column":null}},"8":{"start":{"line":35,"column":12},"end":{"line":35,"column":null}},"9":{"start":{"line":37,"column":12},"end":{"line":37,"column":null}},"10":{"start":{"line":41,"column":6},"end":{"line":44,"column":null}},"11":{"start":{"line":41,"column":55},"end":{"line":44,"column":8}},"12":{"start":{"line":46,"column":6},"end":{"line":46,"column":null}},"13":{"start":{"line":51,"column":30},"end":{"line":79,"column":null}},"14":{"start":{"line":56,"column":32},"end":{"line":56,"column":null}},"15":{"start":{"line":57,"column":6},"end":{"line":61,"column":null}},"16":{"start":{"line":58,"column":8},"end":{"line":58,"column":null}},"17":{"start":{"line":58,"column":61},"end":{"line":58,"column":77}},"18":{"start":{"line":60,"column":8},"end":{"line":60,"column":null}},"19":{"start":{"line":65,"column":4},"end":{"line":77,"column":null}},"20":{"start":{"line":67,"column":8},"end":{"line":67,"column":null}},"21":{"start":{"line":68,"column":8},"end":{"line":68,"column":null}},"22":{"start":{"line":71,"column":8},"end":{"line":71,"column":null}},"23":{"start":{"line":72,"column":8},"end":{"line":72,"column":null}},"24":{"start":{"line":75,"column":8},"end":{"line":75,"column":null}},"25":{"start":{"line":76,"column":8},"end":{"line":76,"column":null}},"26":{"start":{"line":81,"column":34},"end":{"line":81,"column":null}}},"fnMap":{"0":{"name":"(anonymous_0)","decl":{"start":{"line":24,"column":2},"end":{"line":24,"column":9}},"loc":{"start":{"line":24,"column":53},"end":{"line":48,"column":null}}},"1":{"name":"(anonymous_1)","decl":{"start":{"line":27,"column":31},"end":{"line":27,"column":38}},"loc":{"start":{"line":27,"column":52},"end":{"line":39,"column":9}}},"2":{"name":"(anonymous_2)","decl":{"start":{"line":41,"column":27},"end":{"line":41,"column":28}},"loc":{"start":{"line":41,"column":55},"end":{"line":44,"column":8}}},"3":{"name":"(anonymous_3)","decl":{"start":{"line":55,"column":20},"end":{"line":55,"column":21}},"loc":{"start":{"line":55,"column":39},"end":{"line":62,"column":null}}},"4":{"name":"(anonymous_4)","decl":{"start":{"line":58,"column":53},"end":{"line":58,"column":54}},"loc":{"start":{"line":58,"column":61},"end":{"line":58,"column":77}}},"5":{"name":"(anonymous_5)","decl":{"start":{"line":64,"column":17},"end":{"line":64,"column":18}},"loc":{"start":{"line":64,"column":30},"end":{"line":78,"column":null}}},"6":{"name":"(anonymous_6)","decl":{"start":{"line":66,"column":46},"end":{"line":66,"column":47}},"loc":{"start":{"line":66,"column":57},"end":{"line":69,"column":7}}},"7":{"name":"(anonymous_7)","decl":{"start":{"line":70,"column":48},"end":{"line":70,"column":49}},"loc":{"start":{"line":70,"column":67},"end":{"line":73,"column":7}}},"8":{"name":"(anonymous_8)","decl":{"start":{"line":74,"column":47},"end":{"line":74,"column":48}},"loc":{"start":{"line":74,"column":66},"end":{"line":77,"column":7}}}},"branchMap":{"0":{"loc":{"start":{"line":31,"column":12},"end":{"line":33,"column":null}},"type":"if","locations":[{"start":{"line":31,"column":12},"end":{"line":33,"column":null}},{"start":{},"end":{}}]},"1":{"loc":{"start":{"line":57,"column":6},"end":{"line":61,"column":null}},"type":"if","locations":[{"start":{"line":57,"column":6},"end":{"line":61,"column":null}},{"start":{"line":59,"column":13},"end":{"line":61,"column":null}}]},"2":{"loc":{"start":{"line":76,"column":22},"end":{"line":76,"column":null}},"type":"binary-expr","locations":[{"start":{"line":76,"column":22},"end":{"line":76,"column":40}},{"start":{"line":76,"column":40},"end":{"line":76,"column":null}}]}},"s":{"0":0,"1":0,"2":0,"3":0,"4":0,"5":0,"6":0,"7":0,"8":0,"9":0,"10":0,"11":0,"12":0,"13":0,"14":0,"15":0,"16":0,"17":0,"18":0,"19":0,"20":0,"21":0,"22":0,"23":0,"24":0,"25":0,"26":0},"f":{"0":0,"1":0,"2":0,"3":0,"4":0,"5":0,"6":0,"7":0,"8":0},"b":{"0":[0,0],"1":[0,0],"2":[0,0]}}
,"E:/hobby/programing/Progects/React/pokemon-app/src/features/pokemonDetails/pokemonDetailsSlice.ts": {"path":"E:/hobby/programing/Progects/React/pokemon-app/src/features/pokemonDetails/pokemonDetailsSlice.ts","statementMap":{"0":{"start":{"line":44,"column":42},"end":{"line":48,"column":null}},"1":{"start":{"line":50,"column":35},"end":{"line":69,"column":null}},"2":{"start":{"line":57,"column":4},"end":{"line":67,"column":null}},"3":{"start":{"line":58,"column":23},"end":{"line":58,"column":null}},"4":{"start":{"line":60,"column":6},"end":{"line":62,"column":null}},"5":{"start":{"line":61,"column":8},"end":{"line":61,"column":null}},"6":{"start":{"line":64,"column":6},"end":{"line":64,"column":null}},"7":{"start":{"line":66,"column":6},"end":{"line":66,"column":null}},"8":{"start":{"line":71,"column":28},"end":{"line":90,"column":null}},"9":{"start":{"line":76,"column":4},"end":{"line":88,"column":null}},"10":{"start":{"line":78,"column":8},"end":{"line":78,"column":null}},"11":{"start":{"line":79,"column":8},"end":{"line":79,"column":null}},"12":{"start":{"line":82,"column":8},"end":{"line":82,"column":null}},"13":{"start":{"line":83,"column":8},"end":{"line":83,"column":null}},"14":{"start":{"line":86,"column":8},"end":{"line":86,"column":null}},"15":{"start":{"line":87,"column":8},"end":{"line":87,"column":null}}},"fnMap":{"0":{"name":"(anonymous_0)","decl":{"start":{"line":56,"column":2},"end":{"line":56,"column":9}},"loc":{"start":{"line":56,"column":44},"end":{"line":68,"column":null}}},"1":{"name":"(anonymous_1)","decl":{"start":{"line":75,"column":17},"end":{"line":75,"column":18}},"loc":{"start":{"line":75,"column":30},"end":{"line":89,"column":null}}},"2":{"name":"(anonymous_2)","decl":{"start":{"line":77,"column":44},"end":{"line":77,"column":45}},"loc":{"start":{"line":77,"column":55},"end":{"line":80,"column":7}}},"3":{"name":"(anonymous_3)","decl":{"start":{"line":81,"column":46},"end":{"line":81,"column":47}},"loc":{"start":{"line":81,"column":65},"end":{"line":84,"column":7}}},"4":{"name":"(anonymous_4)","decl":{"start":{"line":85,"column":45},"end":{"line":85,"column":46}},"loc":{"start":{"line":85,"column":64},"end":{"line":88,"column":7}}}},"branchMap":{"0":{"loc":{"start":{"line":60,"column":6},"end":{"line":62,"column":null}},"type":"if","locations":[{"start":{"line":60,"column":6},"end":{"line":62,"column":null}},{"start":{},"end":{}}]},"1":{"loc":{"start":{"line":87,"column":22},"end":{"line":87,"column":null}},"type":"binary-expr","locations":[{"start":{"line":87,"column":22},"end":{"line":87,"column":40}},{"start":{"line":87,"column":40},"end":{"line":87,"column":null}}]}},"s":{"0":0,"1":0,"2":0,"3":0,"4":0,"5":0,"6":0,"7":0,"8":0,"9":0,"10":0,"11":0,"12":0,"13":0,"14":0,"15":0},"f":{"0":0,"1":0,"2":0,"3":0,"4":0},"b":{"0":[0,0],"1":[0,0]}}
,"E:/hobby/programing/Progects/React/pokemon-app/src/features/pokemonList/pokemonSlice.ts": {"path":"E:/hobby/programing/Progects/React/pokemon-app/src/features/pokemonList/pokemonSlice.ts","statementMap":{"0":{"start":{"line":75,"column":30},"end":{"line":83,"column":null}},"1":{"start":{"line":78,"column":25},"end":{"line":82,"column":null}},"2":{"start":{"line":80,"column":25},"end":{"line":80,"column":null}},"3":{"start":{"line":85,"column":35},"end":{"line":85,"column":null}}},"fnMap":{"0":{"name":"(anonymous_0)","decl":{"start":{"line":78,"column":13},"end":{"line":78,"column":14}},"loc":{"start":{"line":78,"column":25},"end":{"line":82,"column":null}}},"1":{"name":"(anonymous_1)","decl":{"start":{"line":80,"column":13},"end":{"line":80,"column":14}},"loc":{"start":{"line":80,"column":25},"end":{"line":80,"column":null}}}},"branchMap":{},"s":{"0":0,"1":0,"2":0,"3":0},"f":{"0":0,"1":0},"b":{}}
,"E:/hobby/programing/Progects/React/pokemon-app/src/screens/PokemonDeatalisParentRoute.tsx": {"path":"E:/hobby/programing/Progects/React/pokemon-app/src/screens/PokemonDeatalisParentRoute.tsx","statementMap":{"0":{"start":{"line":4,"column":41},"end":{"line":11,"column":null}},"1":{"start":{"line":5,"column":2},"end":{"line":9,"column":null}}},"fnMap":{"0":{"name":"(anonymous_0)","decl":{"start":{"line":4,"column":41},"end":{"line":4,"column":47}},"loc":{"start":{"line":4,"column":47},"end":{"line":11,"column":null}}}},"branchMap":{},"s":{"0":0,"1":0},"f":{"0":0},"b":{}}
,"E:/hobby/programing/Progects/React/pokemon-app/src/screens/ComparisonPokemonScreen/ComparisonPokemonScreen.tsx": {"path":"E:/hobby/programing/Progects/React/pokemon-app/src/screens/ComparisonPokemonScreen/ComparisonPokemonScreen.tsx","statementMap":{"0":{"start":{"line":4,"column":39},"end":{"line":11,"column":null}},"1":{"start":{"line":5,"column":2},"end":{"line":9,"column":null}}},"fnMap":{"0":{"name":"(anonymous_0)","decl":{"start":{"line":4,"column":39},"end":{"line":4,"column":45}},"loc":{"start":{"line":4,"column":45},"end":{"line":11,"column":null}}}},"branchMap":{},"s":{"0":0,"1":0},"f":{"0":0},"b":{}}
,"E:/hobby/programing/Progects/React/pokemon-app/src/screens/ErrorScreen/ErrorScreen.tsx": {"path":"E:/hobby/programing/Progects/React/pokemon-app/src/screens/ErrorScreen/ErrorScreen.tsx","statementMap":{"0":{"start":{"line":5,"column":27},"end":{"line":22,"column":null}},"1":{"start":{"line":6,"column":19},"end":{"line":6,"column":null}},"2":{"start":{"line":8,"column":2},"end":{"line":20,"column":null}},"3":{"start":{"line":16,"column":27},"end":{"line":16,"column":null}}},"fnMap":{"0":{"name":"(anonymous_0)","decl":{"start":{"line":5,"column":27},"end":{"line":5,"column":33}},"loc":{"start":{"line":5,"column":33},"end":{"line":22,"column":null}}},"1":{"name":"(anonymous_1)","decl":{"start":{"line":16,"column":21},"end":{"line":16,"column":27}},"loc":{"start":{"line":16,"column":27},"end":{"line":16,"column":null}}}},"branchMap":{},"s":{"0":0,"1":0,"2":0,"3":0},"f":{"0":0,"1":0},"b":{}}
,"E:/hobby/programing/Progects/React/pokemon-app/src/screens/FavoritePokemonScreen/FavoritePokemonScreen.tsx": {"path":"E:/hobby/programing/Progects/React/pokemon-app/src/screens/FavoritePokemonScreen/FavoritePokemonScreen.tsx","statementMap":{"0":{"start":{"line":11,"column":37},"end":{"line":41,"column":null}},"1":{"start":{"line":12,"column":19},"end":{"line":12,"column":null}},"2":{"start":{"line":18,"column":6},"end":{"line":18,"column":null}},"3":{"start":{"line":18,"column":40},"end":{"line":18,"column":62}},"4":{"start":{"line":20,"column":2},"end":{"line":22,"column":null}},"5":{"start":{"line":21,"column":4},"end":{"line":21,"column":null}},"6":{"start":{"line":24,"column":2},"end":{"line":39,"column":null}}},"fnMap":{"0":{"name":"(anonymous_0)","decl":{"start":{"line":11,"column":37},"end":{"line":11,"column":43}},"loc":{"start":{"line":11,"column":43},"end":{"line":41,"column":null}}},"1":{"name":"(anonymous_1)","decl":{"start":{"line":18,"column":18},"end":{"line":18,"column":19}},"loc":{"start":{"line":18,"column":40},"end":{"line":18,"column":62}}},"2":{"name":"(anonymous_2)","decl":{"start":{"line":20,"column":12},"end":{"line":20,"column":18}},"loc":{"start":{"line":20,"column":18},"end":{"line":22,"column":5}}}},"branchMap":{"0":{"loc":{"start":{"line":28,"column":7},"end":{"line":36,"column":null}},"type":"cond-expr","locations":[{"start":{"line":29,"column":11},"end":{"line":29,"column":null}},{"start":{"line":30,"column":10},"end":{"line":36,"column":null}}]},"1":{"loc":{"start":{"line":30,"column":10},"end":{"line":36,"column":null}},"type":"cond-expr","locations":[{"start":{"line":31,"column":13},"end":{"line":31,"column":null}},{"start":{"line":32,"column":12},"end":{"line":36,"column":null}}]},"2":{"loc":{"start":{"line":32,"column":12},"end":{"line":36,"column":null}},"type":"cond-expr","locations":[{"start":{"line":33,"column":15},"end":{"line":33,"column":null}},{"start":{"line":34,"column":15},"end":{"line":36,"column":null}}]}},"s":{"0":0,"1":0,"2":0,"3":0,"4":0,"5":0,"6":0},"f":{"0":0,"1":0,"2":0},"b":{"0":[0,0],"1":[0,0],"2":[0,0]}}
,"E:/hobby/programing/Progects/React/pokemon-app/src/screens/PokemonListItemDetailsScreen/PokemonListItemDetailsScreen.tsx": {"path":"E:/hobby/programing/Progects/React/pokemon-app/src/screens/PokemonListItemDetailsScreen/PokemonListItemDetailsScreen.tsx","statementMap":{"0":{"start":{"line":23,"column":44},"end":{"line":137,"column":null}},"1":{"start":{"line":24,"column":17},"end":{"line":24,"column":null}},"2":{"start":{"line":26,"column":19},"end":{"line":26,"column":null}},"3":{"start":{"line":29,"column":6},"end":{"line":29,"column":null}},"4":{"start":{"line":29,"column":40},"end":{"line":29,"column":60}},"5":{"start":{"line":33,"column":6},"end":{"line":33,"column":null}},"6":{"start":{"line":33,"column":40},"end":{"line":33,"column":62}},"7":{"start":{"line":37,"column":6},"end":{"line":37,"column":null}},"8":{"start":{"line":37,"column":40},"end":{"line":37,"column":62}},"9":{"start":{"line":39,"column":2},"end":{"line":43,"column":null}},"10":{"start":{"line":40,"column":4},"end":{"line":40,"column":null}},"11":{"start":{"line":40,"column":12},"end":{"line":40,"column":null}},"12":{"start":{"line":41,"column":4},"end":{"line":41,"column":null}},"13":{"start":{"line":41,"column":28},"end":{"line":41,"column":null}},"14":{"start":{"line":42,"column":4},"end":{"line":42,"column":null}},"15":{"start":{"line":42,"column":28},"end":{"line":42,"column":null}},"16":{"start":{"line":45,"column":25},"end":{"line":45,"column":null}},"17":{"start":{"line":47,"column":19},"end":{"line":47,"column":null}},"18":{"start":{"line":48,"column":2},"end":{"line":135,"column":null}},"19":{"start":{"line":60,"column":16},"end":{"line":62,"column":null}},"20":{"start":{"line":61,"column":18},"end":{"line":61,"column":null}},"21":{"start":{"line":86,"column":16},"end":{"line":88,"column":null}},"22":{"start":{"line":87,"column":18},"end":{"line":87,"column":null}},"23":{"start":{"line":96,"column":51},"end":{"line":96,"column":null}},"24":{"start":{"line":126,"column":43},"end":{"line":126,"column":null}},"25":{"start":{"line":130,"column":43},"end":{"line":130,"column":null}}},"fnMap":{"0":{"name":"(anonymous_0)","decl":{"start":{"line":23,"column":44},"end":{"line":23,"column":50}},"loc":{"start":{"line":23,"column":50},"end":{"line":137,"column":null}}},"1":{"name":"(anonymous_1)","decl":{"start":{"line":29,"column":18},"end":{"line":29,"column":19}},"loc":{"start":{"line":29,"column":40},"end":{"line":29,"column":60}}},"2":{"name":"(anonymous_2)","decl":{"start":{"line":33,"column":18},"end":{"line":33,"column":19}},"loc":{"start":{"line":33,"column":40},"end":{"line":33,"column":62}}},"3":{"name":"(anonymous_3)","decl":{"start":{"line":37,"column":18},"end":{"line":37,"column":19}},"loc":{"start":{"line":37,"column":40},"end":{"line":37,"column":62}}},"4":{"name":"(anonymous_4)","decl":{"start":{"line":39,"column":12},"end":{"line":39,"column":18}},"loc":{"start":{"line":39,"column":18},"end":{"line":43,"column":5}}},"5":{"name":"(anonymous_5)","decl":{"start":{"line":59,"column":23},"end":{"line":59,"column":29}},"loc":{"start":{"line":59,"column":29},"end":{"line":63,"column":null}}},"6":{"name":"(anonymous_6)","decl":{"start":{"line":85,"column":23},"end":{"line":85,"column":29}},"loc":{"start":{"line":85,"column":29},"end":{"line":89,"column":null}}},"7":{"name":"(anonymous_7)","decl":{"start":{"line":96,"column":45},"end":{"line":96,"column":51}},"loc":{"start":{"line":96,"column":51},"end":{"line":96,"column":null}}},"8":{"name":"(anonymous_8)","decl":{"start":{"line":126,"column":12},"end":{"line":126,"column":13}},"loc":{"start":{"line":126,"column":43},"end":{"line":126,"column":null}}},"9":{"name":"(anonymous_9)","decl":{"start":{"line":130,"column":12},"end":{"line":130,"column":13}},"loc":{"start":{"line":130,"column":43},"end":{"line":130,"column":null}}}},"branchMap":{"0":{"loc":{"start":{"line":40,"column":4},"end":{"line":40,"column":null}},"type":"if","locations":[{"start":{"line":40,"column":4},"end":{"line":40,"column":null}},{"start":{},"end":{}}]},"1":{"loc":{"start":{"line":41,"column":4},"end":{"line":41,"column":null}},"type":"if","locations":[{"start":{"line":41,"column":4},"end":{"line":41,"column":null}},{"start":{},"end":{}}]},"2":{"loc":{"start":{"line":42,"column":4},"end":{"line":42,"column":null}},"type":"if","locations":[{"start":{"line":42,"column":4},"end":{"line":42,"column":null}},{"start":{},"end":{}}]},"3":{"loc":{"start":{"line":45,"column":25},"end":{"line":45,"column":null}},"type":"binary-expr","locations":[{"start":{"line":45,"column":25},"end":{"line":45,"column":47}},{"start":{"line":45,"column":47},"end":{"line":45,"column":null}}]},"4":{"loc":{"start":{"line":57,"column":24},"end":{"line":57,"column":null}},"type":"binary-expr","locations":[{"start":{"line":57,"column":24},"end":{"line":57,"column":31}},{"start":{"line":57,"column":31},"end":{"line":57,"column":null}}]},"5":{"loc":{"start":{"line":60,"column":16},"end":{"line":62,"column":null}},"type":"if","locations":[{"start":{"line":60,"column":16},"end":{"line":62,"column":null}},{"start":{},"end":{}}]},"6":{"loc":{"start":{"line":66,"column":13},"end":{"line":68,"column":null}},"type":"cond-expr","locations":[{"start":{"line":67,"column":16},"end":{"line":67,"column":null}},{"start":{"line":68,"column":16},"end":{"line":68,"column":null}}]},"7":{"loc":{"start":{"line":67,"column":24},"end":{"line":67,"column":82}},"type":"binary-expr","locations":[{"start":{"line":67,"column":24},"end":{"line":67,"column":55}},{"start":{"line":67,"column":55},"end":{"line":67,"column":82}}]},"8":{"loc":{"start":{"line":72,"column":17},"end":{"line":72,"column":56}},"type":"cond-expr","locations":[{"start":{"line":72,"column":28},"end":{"line":72,"column":51}},{"start":{"line":72,"column":51},"end":{"line":72,"column":56}}]},"9":{"loc":{"start":{"line":75,"column":13},"end":{"line":77,"column":null}},"type":"cond-expr","locations":[{"start":{"line":76,"column":16},"end":{"line":76,"column":null}},{"start":{"line":77,"column":16},"end":{"line":77,"column":null}}]},"10":{"loc":{"start":{"line":76,"column":24},"end":{"line":76,"column":82}},"type":"binary-expr","locations":[{"start":{"line":76,"column":24},"end":{"line":76,"column":55}},{"start":{"line":76,"column":55},"end":{"line":76,"column":82}}]},"11":{"loc":{"start":{"line":83,"column":24},"end":{"line":83,"column":null}},"type":"binary-expr","locations":[{"start":{"line":83,"column":24},"end":{"line":83,"column":31}},{"start":{"line":83,"column":31},"end":{"line":83,"column":null}}]},"12":{"loc":{"start":{"line":86,"column":16},"end":{"line":88,"column":null}},"type":"if","locations":[{"start":{"line":86,"column":16},"end":{"line":88,"column":null}},{"start":{},"end":{}}]},"13":{"loc":{"start":{"line":95,"column":7},"end":{"line":99,"column":null}},"type":"binary-expr","locations":[{"start":{"line":95,"column":7},"end":{"line":95,"column":null}},{"start":{"line":96,"column":8},"end":{"line":99,"column":null}}]},"14":{"loc":{"start":{"line":102,"column":8},"end":{"line":132,"column":null}},"type":"cond-expr","locations":[{"start":{"line":103,"column":8},"end":{"line":103,"column":null}},{"start":{"line":104,"column":11},"end":{"line":132,"column":null}}]},"15":{"loc":{"start":{"line":102,"column":8},"end":{"line":102,"column":null}},"type":"binary-expr","locations":[{"start":{"line":102,"column":8},"end":{"line":102,"column":19}},{"start":{"line":102,"column":19},"end":{"line":102,"column":33}},{"start":{"line":102,"column":33},"end":{"line":102,"column":null}}]},"16":{"loc":{"start":{"line":104,"column":11},"end":{"line":132,"column":null}},"type":"cond-expr","locations":[{"start":{"line":105,"column":8},"end":{"line":108,"column":null}},{"start":{"line":109,"column":10},"end":{"line":132,"column":null}}]},"17":{"loc":{"start":{"line":104,"column":11},"end":{"line":104,"column":null}},"type":"binary-expr","locations":[{"start":{"line":104,"column":11},"end":{"line":104,"column":20}},{"start":{"line":104,"column":20},"end":{"line":104,"column":32}},{"start":{"line":104,"column":32},"end":{"line":104,"column":null}}]},"18":{"loc":{"start":{"line":107,"column":15},"end":{"line":107,"column":46}},"type":"binary-expr","locations":[{"start":{"line":107,"column":15},"end":{"line":107,"column":24}},{"start":{"line":107,"column":24},"end":{"line":107,"column":36}},{"start":{"line":107,"column":36},"end":{"line":107,"column":46}}]},"19":{"loc":{"start":{"line":109,"column":10},"end":{"line":132,"column":null}},"type":"binary-expr","locations":[{"start":{"line":109,"column":10},"end":{"line":109,"column":null}},{"start":{"line":110,"column":8},"end":{"line":132,"column":null}}]}},"s":{"0":0,"1":0,"2":0,"3":0,"4":0,"5":0,"6":0,"7":0,"8":0,"9":0,"10":0,"11":0,"12":0,"13":0,"14":0,"15":0,"16":0,"17":0,"18":0,"19":0,"20":0,"21":0,"22":0,"23":0,"24":0,"25":0},"f":{"0":0,"1":0,"2":0,"3":0,"4":0,"5":0,"6":0,"7":0,"8":0,"9":0},"b":{"0":[0,0],"1":[0,0],"2":[0,0],"3":[0,0],"4":[0,0],"5":[0,0],"6":[0,0],"7":[0,0],"8":[0,0],"9":[0,0],"10":[0,0],"11":[0,0],"12":[0,0],"13":[0,0],"14":[0,0],"15":[0,0,0],"16":[0,0],"17":[0,0,0],"18":[0,0,0],"19":[0,0]}}
,"E:/hobby/programing/Progects/React/pokemon-app/src/screens/PokemonListScreen/PokemonListScreen.tsx": {"path":"E:/hobby/programing/Progects/React/pokemon-app/src/screens/PokemonListScreen/PokemonListScreen.tsx","statementMap":{"0":{"start":{"line":14,"column":33},"end":{"line":63,"column":null}},"1":{"start":{"line":15,"column":19},"end":{"line":15,"column":null}},"2":{"start":{"line":19,"column":6},"end":{"line":19,"column":null}},"3":{"start":{"line":19,"column":40},"end":{"line":19,"column":62}},"4":{"start":{"line":21,"column":40},"end":{"line":21,"column":null}},"5":{"start":{"line":23,"column":25},"end":{"line":23,"column":null}},"6":{"start":{"line":24,"column":8},"end":{"line":24,"column":null}},"7":{"start":{"line":28,"column":6},"end":{"line":28,"column":null}},"8":{"start":{"line":30,"column":22},"end":{"line":32,"column":null}},"9":{"start":{"line":34,"column":2},"end":{"line":61,"column":null}},"10":{"start":{"line":40,"column":53},"end":{"line":40,"column":null}}},"fnMap":{"0":{"name":"(anonymous_0)","decl":{"start":{"line":14,"column":33},"end":{"line":14,"column":39}},"loc":{"start":{"line":14,"column":39},"end":{"line":63,"column":null}}},"1":{"name":"(anonymous_1)","decl":{"start":{"line":19,"column":18},"end":{"line":19,"column":19}},"loc":{"start":{"line":19,"column":40},"end":{"line":19,"column":62}}},"2":{"name":"(anonymous_2)","decl":{"start":{"line":40,"column":47},"end":{"line":40,"column":53}},"loc":{"start":{"line":40,"column":53},"end":{"line":40,"column":null}}}},"branchMap":{"0":{"loc":{"start":{"line":30,"column":22},"end":{"line":32,"column":null}},"type":"cond-expr","locations":[{"start":{"line":31,"column":6},"end":{"line":31,"column":null}},{"start":{"line":32,"column":6},"end":{"line":32,"column":null}}]},"1":{"loc":{"start":{"line":30,"column":22},"end":{"line":30,"column":null}},"type":"binary-expr","locations":[{"start":{"line":30,"column":22},"end":{"line":30,"column":38}},{"start":{"line":30,"column":38},"end":{"line":30,"column":null}}]},"2":{"loc":{"start":{"line":39,"column":9},"end":{"line":43,"column":null}},"type":"binary-expr","locations":[{"start":{"line":39,"column":9},"end":{"line":39,"column":null}},{"start":{"line":40,"column":10},"end":{"line":43,"column":null}}]},"3":{"loc":{"start":{"line":47,"column":7},"end":{"line":54,"column":null}},"type":"cond-expr","locations":[{"start":{"line":48,"column":11},"end":{"line":48,"column":null}},{"start":{"line":49,"column":10},"end":{"line":54,"column":null}}]},"4":{"loc":{"start":{"line":49,"column":10},"end":{"line":54,"column":null}},"type":"cond-expr","locations":[{"start":{"line":51,"column":12},"end":{"line":53,"column":null}},{"start":{"line":54,"column":13},"end":{"line":54,"column":null}}]}},"s":{"0":0,"1":0,"2":0,"3":0,"4":0,"5":0,"6":0,"7":0,"8":0,"9":0,"10":0},"f":{"0":0,"1":0,"2":0},"b":{"0":[0,0],"1":[0,0],"2":[0,0],"3":[0,0],"4":[0,0]}}
,"E:/hobby/programing/Progects/React/pokemon-app/src/store/store.ts": {"path":"E:/hobby/programing/Progects/React/pokemon-app/src/store/store.ts","statementMap":{"0":{"start":{"line":12,"column":38},"end":{"line":15,"column":null}},"1":{"start":{"line":17,"column":42},"end":{"line":20,"column":null}},"2":{"start":{"line":22,"column":21},"end":{"line":32,"column":null}},"3":{"start":{"line":31,"column":4},"end":{"line":31,"column":null}},"4":{"start":{"line":34,"column":0},"end":{"line":34,"column":null}},"5":{"start":{"line":36,"column":25},"end":{"line":36,"column":null}}},"fnMap":{"0":{"name":"(anonymous_0)","decl":{"start":{"line":30,"column":14},"end":{"line":30,"column":15}},"loc":{"start":{"line":31,"column":4},"end":{"line":31,"column":null}}}},"branchMap":{},"s":{"0":0,"1":0,"2":0,"3":0,"4":0,"5":0},"f":{"0":0},"b":{}}
,"E:/hobby/programing/Progects/React/pokemon-app/src/utils/capitalizeWord.ts": {"path":"E:/hobby/programing/Progects/React/pokemon-app/src/utils/capitalizeWord.ts","statementMap":{"0":{"start":{"line":2,"column":2},"end":{"line":2,"column":null}},"1":{"start":{"line":2,"column":19},"end":{"line":2,"column":null}},"2":{"start":{"line":3,"column":2},"end":{"line":3,"column":null}}},"fnMap":{"0":{"name":"capitalizeWord","decl":{"start":{"line":1,"column":24},"end":{"line":1,"column":39}},"loc":{"start":{"line":1,"column":62},"end":{"line":4,"column":null}}}},"branchMap":{"0":{"loc":{"start":{"line":2,"column":2},"end":{"line":2,"column":null}},"type":"if","locations":[{"start":{"line":2,"column":2},"end":{"line":2,"column":null}},{"start":{},"end":{}}]}},"s":{"0":0,"1":0,"2":0},"f":{"0":0},"b":{"0":[0,0]}}
,"E:/hobby/programing/Progects/React/pokemon-app/src/utils/getPages.ts": {"path":"E:/hobby/programing/Progects/React/pokemon-app/src/utils/getPages.ts","statementMap":{"0":{"start":{"line":2,"column":16},"end":{"line":2,"column":null}},"1":{"start":{"line":3,"column":14},"end":{"line":3,"column":null}},"2":{"start":{"line":4,"column":12},"end":{"line":4,"column":null}},"3":{"start":{"line":6,"column":2},"end":{"line":12,"column":null}},"4":{"start":{"line":7,"column":4},"end":{"line":7,"column":null}},"5":{"start":{"line":8,"column":4},"end":{"line":8,"column":null}},"6":{"start":{"line":9,"column":2},"end":{"line":12,"column":null}},"7":{"start":{"line":10,"column":4},"end":{"line":10,"column":null}},"8":{"start":{"line":11,"column":4},"end":{"line":11,"column":null}},"9":{"start":{"line":14,"column":2},"end":{"line":16,"column":null}},"10":{"start":{"line":14,"column":15},"end":{"line":14,"column":22}},"11":{"start":{"line":15,"column":4},"end":{"line":15,"column":null}},"12":{"start":{"line":18,"column":2},"end":{"line":18,"column":null}}},"fnMap":{"0":{"name":"getPages","decl":{"start":{"line":1,"column":24},"end":{"line":1,"column":33}},"loc":{"start":{"line":1,"column":83},"end":{"line":19,"column":null}}}},"branchMap":{"0":{"loc":{"start":{"line":6,"column":2},"end":{"line":12,"column":null}},"type":"if","locations":[{"start":{"line":6,"column":2},"end":{"line":12,"column":null}},{"start":{"line":9,"column":2},"end":{"line":12,"column":null}}]},"1":{"loc":{"start":{"line":9,"column":2},"end":{"line":12,"column":null}},"type":"if","locations":[{"start":{"line":9,"column":2},"end":{"line":12,"column":null}},{"start":{},"end":{}}]}},"s":{"0":0,"1":0,"2":0,"3":0,"4":0,"5":0,"6":0,"7":0,"8":0,"9":0,"10":0,"11":0,"12":0},"f":{"0":0},"b":{"0":[0,0],"1":[0,0]}}
,"E:/hobby/programing/Progects/React/pokemon-app/src/utils/getPeriodicNumberFromUrl.ts": {"path":"E:/hobby/programing/Progects/React/pokemon-app/src/utils/getPeriodicNumberFromUrl.ts","statementMap":{"0":{"start":{"line":1,"column":33},"end":{"line":6,"column":null}},"1":{"start":{"line":2,"column":23},"end":{"line":3,"column":null}},"2":{"start":{"line":4,"column":25},"end":{"line":4,"column":null}},"3":{"start":{"line":5,"column":2},"end":{"line":5,"column":null}}},"fnMap":{"0":{"name":"(anonymous_0)","decl":{"start":{"line":1,"column":33},"end":{"line":1,"column":34}},"loc":{"start":{"line":1,"column":58},"end":{"line":6,"column":null}}}},"branchMap":{"0":{"loc":{"start":{"line":2,"column":23},"end":{"line":3,"column":null}},"type":"cond-expr","locations":[{"start":{"line":3,"column":6},"end":{"line":3,"column":32}},{"start":{"line":3,"column":32},"end":{"line":3,"column":null}}]}},"s":{"0":0,"1":0,"2":0,"3":0},"f":{"0":0},"b":{"0":[0,0]}}
,"E:/hobby/programing/Progects/React/pokemon-app/src/utils/getStatsComparisonResults.ts": {"path":"E:/hobby/programing/Progects/React/pokemon-app/src/utils/getStatsComparisonResults.ts","statementMap":{"0":{"start":{"line":4,"column":2},"end":{"line":12,"column":null}},"1":{"start":{"line":5,"column":4},"end":{"line":11,"column":null}},"2":{"start":{"line":6,"column":28},"end":{"line":6,"column":null}},"3":{"start":{"line":8,"column":6},"end":{"line":10,"column":null}}},"fnMap":{"0":{"name":"(anonymous_0)","decl":{"start":{"line":4,"column":2},"end":{"line":4,"column":3}},"loc":{"start":{"line":4,"column":53},"end":{"line":12,"column":null}}},"1":{"name":"(anonymous_1)","decl":{"start":{"line":5,"column":24},"end":{"line":5,"column":25}},"loc":{"start":{"line":5,"column":39},"end":{"line":11,"column":5}}}},"branchMap":{"0":{"loc":{"start":{"line":6,"column":28},"end":{"line":6,"column":null}},"type":"binary-expr","locations":[{"start":{"line":6,"column":28},"end":{"line":6,"column":59}},{"start":{"line":6,"column":59},"end":{"line":6,"column":null}}]},"1":{"loc":{"start":{"line":8,"column":13},"end":{"line":10,"column":null}},"type":"cond-expr","locations":[{"start":{"line":8,"column":44},"end":{"line":8,"column":null}},{"start":{"line":9,"column":10},"end":{"line":10,"column":null}}]},"2":{"loc":{"start":{"line":9,"column":10},"end":{"line":10,"column":null}},"type":"cond-expr","locations":[{"start":{"line":9,"column":43},"end":{"line":9,"column":null}},{"start":{"line":10,"column":12},"end":{"line":10,"column":null}}]}},"s":{"0":1,"1":6,"2":36,"3":36},"f":{"0":6,"1":36},"b":{"0":[36,0],"1":[12,24],"2":[12,12]}}
}
